#-----------------------------------------------------------
# Webtalk v2017.2 (64-bit)
# SW Build 1909853 on Thu Jun 15 18:39:10 MDT 2017
# 
# Start of session at: Fri Aug  9 18:40:15 2019
# Process ID: 3221
# Current directory: /home/vovag/proj/sparrow_prj/xil/webtalk
# Command line: wbtcv -mode batch -source sdk_webtalk.tcl
# Log file: /home/vovag/proj/sparrow_prj/xil/webtalk/webtalk.log
# Journal file: /home/vovag/proj/sparrow_prj/xil/webtalk/webtalk.jou
#-----------------------------------------------------------
source sdk_webtalk.tcl
# webtalk_init -webtalk_dir /home/vovag/proj/sparrow_prj/xil/webtalk
# webtalk_register_client -client project
# webtalk_add_data -client project -key date_generated -value "2019-08-09 18:40:11" -context "software_version_and_target_device"
# webtalk_add_data -client project -key product_version -value "SDK v2017.2" -context "software_version_and_target_device"
# webtalk_add_data -client project -key build_version -value "2017.2" -context "software_version_and_target_device"
# webtalk_add_data -client project -key os_platform -value "amd64" -context "software_version_and_target_device"
# webtalk_add_data -client project -key registration_id -value "" -context "software_version_and_target_device"
# webtalk_add_data -client project -key tool_flow -value "SDK" -context "software_version_and_target_device"
# webtalk_add_data -client project -key beta -value "false" -context "software_version_and_target_device"
# webtalk_add_data -client project -key route_design -value "NA" -context "software_version_and_target_device"
# webtalk_add_data -client project -key target_family -value "NA" -context "software_version_and_target_device"
# webtalk_add_data -client project -key target_device -value "NA" -context "software_version_and_target_device"
# webtalk_add_data -client project -key target_package -value "NA" -context "software_version_and_target_device"
# webtalk_add_data -client project -key target_speed -value "NA" -context "software_version_and_target_device"
# webtalk_add_data -client project -key random_id -value "fg0lgcsand6oofpjqrf8p7du1l" -context "software_version_and_target_device"
# webtalk_add_data -client project -key project_id -value "2017.2_3" -context "software_version_and_target_device"
# webtalk_add_data -client project -key project_iteration -value "3" -context "software_version_and_target_device"
# webtalk_add_data -client project -key os_name -value "Ubuntu" -context "user_environment"
# webtalk_add_data -client project -key os_release -value "Ubuntu 18.04.2 LTS" -context "user_environment"
# webtalk_add_data -client project -key cpu_name -value "Intel(R) Core(TM) i7-3770 CPU @ 3.40GHz" -context "user_environment"
# webtalk_add_data -client project -key cpu_speed -value "3392.296 MHz" -context "user_environment"
# webtalk_add_data -client project -key total_processors -value "1" -context "user_environment"
# webtalk_add_data -client project -key system_ram -value "2,000 GB" -context "user_environment"
# webtalk_register_client -client sdk
# webtalk_add_data -client sdk -key uid -value "1565354716000" -context "sdk\\\\application/1565354716000"
# webtalk_add_data -client sdk -key os -value "linux" -context "sdk\\\\application/1565354716000"
# webtalk_add_data -client sdk -key apptemplate -value "linux_hello_world" -context "sdk\\\\application/1565354716000"
# webtalk_add_data -client sdk -key RecordType -value "APPCreation" -context "sdk\\\\application/1565354716000"
# webtalk_add_data -client sdk -key LangUsed -value "C" -context "sdk\\\\application/1565354716000"
# webtalk_add_data -client sdk -key Procused -value "" -context "sdk\\\\application/1565354716000"
# webtalk_add_data -client sdk -key projSize -value "31.1953125" -context "sdk\\\\application/1565354716000"
# webtalk_add_data -client sdk -key uid -value "NA" -context "sdk\\\\bsp/1565365211283"
# webtalk_add_data -client sdk -key RecordType -value "ToolUsage" -context "sdk\\\\bsp/1565365211283"
# webtalk_add_data -client sdk -key BootgenCount -value "0" -context "sdk\\\\bsp/1565365211283"
# webtalk_add_data -client sdk -key DebugCount -value "18" -context "sdk\\\\bsp/1565365211283"
# webtalk_add_data -client sdk -key PerfCount -value "0" -context "sdk\\\\bsp/1565365211283"
# webtalk_add_data -client sdk -key FlashCount -value "0" -context "sdk\\\\bsp/1565365211283"
# webtalk_add_data -client sdk -key CrossTriggCount -value "0" -context "sdk\\\\bsp/1565365211283"
# webtalk_add_data -client sdk -key QemuDebugCount -value "0" -context "sdk\\\\bsp/1565365211283"
# webtalk_transmit -clientid 3563066058 -regid "" -xml /home/vovag/proj/sparrow_prj/xil/webtalk/usage_statistics_ext_sdk.xml -html /home/vovag/proj/sparrow_prj/xil/webtalk/usage_statistics_ext_sdk.html -wdm /home/vovag/proj/sparrow_prj/xil/webtalk/sdk_webtalk.wdm -intro "<H3>SDK Usage Report</H3><BR>"
INFO: [Common 17-186] '/home/vovag/proj/sparrow_prj/xil/webtalk/usage_statistics_ext_sdk.xml' has been successfully sent to Xilinx on Fri Aug  9 18:40:18 2019. For additional details about this file, please refer to the WebTalk help file at /opt/Xilinx/SDK/2017.2/doc/webtalk_introduction.html.
# webtalk_terminate
INFO: [Common 17-206] Exiting Webtalk at Fri Aug  9 18:40:18 2019...
