14:52:47 INFO  : Registering command handlers for SDK TCF services
14:52:56 INFO  : Launching XSCT server: xsct -n -interactive /home/vovag/proj/sparrow_prj/xil/sparrow/temp_xsdb_launch_script.tcl
14:53:02 INFO  : XSCT server has started successfully.
14:53:10 INFO  : Successfully done setting XSCT server connection channel  
14:53:10 INFO  : Successfully done setting SDK workspace  
14:58:05 INFO  : Registering command handlers for SDK TCF services
14:58:06 INFO  : Launching XSCT server: xsct -n -interactive /home/vovag/proj/sparrow_prj/xil/sparrow/temp_xsdb_launch_script.tcl
14:58:08 INFO  : XSCT server has started successfully.
14:58:09 INFO  : Successfully done setting XSCT server connection channel  
14:58:09 INFO  : Successfully done setting SDK workspace  
15:05:12 INFO  : Registering command handlers for SDK TCF services
15:05:13 INFO  : Launching XSCT server: xsct -n -interactive /home/vovag/proj/sparrow_prj/xil/sparrow/temp_xsdb_launch_script.tcl
15:05:14 INFO  : XSCT server has started successfully.
15:05:14 INFO  : Successfully done setting XSCT server connection channel  
15:05:16 INFO  : Successfully done setting SDK workspace  
15:15:45 INFO  : Registering command handlers for SDK TCF services
15:15:46 INFO  : Launching XSCT server: xsct -n -interactive /home/vovag/proj/sparrow_prj/xil/sparrow/temp_xsdb_launch_script.tcl
15:15:48 INFO  : XSCT server has started successfully.
15:15:48 INFO  : Successfully done setting XSCT server connection channel  
15:15:48 INFO  : Successfully done setting SDK workspace  
15:23:22 INFO  : Registering command handlers for SDK TCF services
15:23:23 INFO  : Launching XSCT server: xsct -n -interactive /home/vovag/proj/sparrow_prj/xil/sparrow/temp_xsdb_launch_script.tcl
15:23:26 INFO  : XSCT server has started successfully.
15:23:27 INFO  : Successfully done setting XSCT server connection channel  
15:23:27 INFO  : Successfully done setting SDK workspace  
15:25:42 INFO  : Registering command handlers for SDK TCF services
15:25:43 INFO  : Launching XSCT server: xsct -n -interactive /home/vovag/proj/sparrow_prj/xil/sparrow/temp_xsdb_launch_script.tcl
15:25:47 INFO  : XSCT server has started successfully.
15:25:47 INFO  : Successfully done setting XSCT server connection channel  
15:25:47 INFO  : Successfully done setting SDK workspace  
15:27:53 INFO  : Registering command handlers for SDK TCF services
15:27:54 INFO  : Launching XSCT server: xsct -n -interactive /home/vovag/proj/sparrow_prj/xil/sparrow/temp_xsdb_launch_script.tcl
15:27:58 INFO  : XSCT server has started successfully.
15:27:58 INFO  : Successfully done setting XSCT server connection channel  
15:27:58 INFO  : Successfully done setting SDK workspace  
