15:41:07 INFO  : Registering command handlers for SDK TCF services
15:41:25 INFO  : Launching XSCT server: xsct -n -interactive /home/vovag/proj/sparrow_prj/xil/temp_xsdb_launch_script.tcl
15:41:31 INFO  : XSCT server has started successfully.
15:41:42 INFO  : Successfully done setting XSCT server connection channel  
15:41:42 INFO  : Successfully done setting SDK workspace  
17:02:45 INFO  : Registering command handlers for SDK TCF services
17:02:46 INFO  : Launching XSCT server: xsct -n -interactive /home/vovag/proj/sparrow_prj/xil/temp_xsdb_launch_script.tcl
17:02:50 INFO  : XSCT server has started successfully.
17:02:57 INFO  : Successfully done setting XSCT server connection channel  
17:02:57 INFO  : Successfully done setting SDK workspace  
14:12:41 INFO  : Registering command handlers for SDK TCF services
14:12:42 INFO  : Launching XSCT server: xsct -n -interactive /home/vovag/proj/sparrow_prj/xil/temp_xsdb_launch_script.tcl
14:12:46 INFO  : XSCT server has started successfully.
14:12:46 INFO  : Successfully done setting XSCT server connection channel  
14:12:46 INFO  : Successfully done setting SDK workspace  
15:34:30 INFO  : Registering command handlers for SDK TCF services
15:34:34 INFO  : Launching XSCT server: xsct -n -interactive /home/vovag/proj/sparrow_prj/xil/temp_xsdb_launch_script.tcl
15:34:40 INFO  : XSCT server has started successfully.
15:34:48 INFO  : Successfully done setting XSCT server connection channel  
15:34:48 INFO  : Successfully done setting SDK workspace  
15:39:13 INFO  : Registering command handlers for SDK TCF services
15:39:15 INFO  : Launching XSCT server: xsct -n -interactive /home/vovag/proj/sparrow_prj/xil/temp_xsdb_launch_script.tcl
15:39:19 INFO  : XSCT server has started successfully.
15:39:19 INFO  : Successfully done setting XSCT server connection channel  
15:39:19 INFO  : Successfully done setting SDK workspace  
19:23:40 INFO  : Registering command handlers for SDK TCF services
19:23:41 INFO  : Launching XSCT server: xsct -n -interactive /home/vovag/proj/sparrow_prj/xil/temp_xsdb_launch_script.tcl
19:23:44 INFO  : XSCT server has started successfully.
19:23:44 INFO  : Successfully done setting XSCT server connection channel  
19:23:45 INFO  : Successfully done setting SDK workspace  
14:03:56 INFO  : Registering command handlers for SDK TCF services
14:03:56 INFO  : Launching XSCT server: xsct -n -interactive /home/vovag/proj/sparrow_prj/xil/temp_xsdb_launch_script.tcl
14:04:01 INFO  : XSCT server has started successfully.
14:04:08 INFO  : Successfully done setting XSCT server connection channel  
14:04:08 INFO  : Successfully done setting SDK workspace  
17:39:49 INFO  : Registering command handlers for SDK TCF services
17:39:50 INFO  : Launching XSCT server: xsct -n -interactive /home/vovag/proj/sparrow_prj/xil/temp_xsdb_launch_script.tcl
17:39:53 INFO  : XSCT server has started successfully.
17:39:54 INFO  : Successfully done setting XSCT server connection channel  
17:39:54 INFO  : Successfully done setting SDK workspace  
17:58:24 INFO  : Registering command handlers for SDK TCF services
17:58:25 INFO  : Launching XSCT server: xsct -n -interactive /home/vovag/proj/sparrow_prj/xil/temp_xsdb_launch_script.tcl
17:58:29 INFO  : XSCT server has started successfully.
17:58:29 INFO  : Successfully done setting XSCT server connection channel  
17:58:37 INFO  : Successfully done setting SDK workspace  
18:59:35 ERROR : Unexpected error while parsing XMD response ￿: com.google.gson.JsonSyntaxException: com.google.gson.stream.MalformedJsonException: invalid number or unquoted string near 
19:59:30 INFO  : Registering command handlers for SDK TCF services
19:59:31 INFO  : Launching XSCT server: xsct -n -interactive /home/vovag/proj/sparrow_prj/xil/temp_xsdb_launch_script.tcl
19:59:34 INFO  : XSCT server has started successfully.
19:59:34 INFO  : Successfully done setting XSCT server connection channel  
19:59:34 INFO  : Successfully done setting SDK workspace  
20:02:41 INFO  : Registering command handlers for SDK TCF services
20:02:42 INFO  : Launching XSCT server: xsct -n -interactive /home/vovag/proj/sparrow_prj/xil/temp_xsdb_launch_script.tcl
20:02:45 INFO  : XSCT server has started successfully.
20:02:53 INFO  : Successfully done setting XSCT server connection channel  
20:02:53 INFO  : Successfully done setting SDK workspace  
21:14:37 INFO  : Registering command handlers for SDK TCF services
21:14:38 INFO  : Launching XSCT server: xsct -n -interactive /home/vovag/proj/sparrow_prj/xil/temp_xsdb_launch_script.tcl
21:14:41 INFO  : XSCT server has started successfully.
21:14:41 INFO  : Successfully done setting XSCT server connection channel  
21:14:42 INFO  : Successfully done setting SDK workspace  
21:38:02 INFO  : Registering command handlers for SDK TCF services
21:38:03 INFO  : Launching XSCT server: xsct -n -interactive /home/vovag/proj/sparrow_prj/xil/temp_xsdb_launch_script.tcl
21:38:06 INFO  : XSCT server has started successfully.
21:38:06 INFO  : Successfully done setting XSCT server connection channel  
21:38:06 INFO  : Successfully done setting SDK workspace  
20:56:22 INFO  : Registering command handlers for SDK TCF services
20:56:23 INFO  : Launching XSCT server: xsct -n -interactive /home/vovag/proj/sparrow_prj/xil/temp_xsdb_launch_script.tcl
20:56:26 INFO  : XSCT server has started successfully.
20:56:26 INFO  : Successfully done setting XSCT server connection channel  
20:56:27 INFO  : Successfully done setting SDK workspace  
21:04:31 INFO  : Registering command handlers for SDK TCF services
21:04:33 INFO  : Launching XSCT server: xsct -n -interactive /home/vovag/proj/sparrow_prj/xil/temp_xsdb_launch_script.tcl
21:04:37 INFO  : XSCT server has started successfully.
21:04:48 INFO  : Successfully done setting XSCT server connection channel  
21:04:48 INFO  : Successfully done setting SDK workspace  
20:54:31 INFO  : Registering command handlers for SDK TCF services
20:54:32 INFO  : Launching XSCT server: xsct -n -interactive /home/vovag/proj/sparrow_prj/xil/temp_xsdb_launch_script.tcl
20:54:36 INFO  : XSCT server has started successfully.
20:54:44 INFO  : Successfully done setting XSCT server connection channel  
20:54:44 INFO  : Successfully done setting SDK workspace  
12:36:12 INFO  : Registering command handlers for SDK TCF services
12:36:13 INFO  : Launching XSCT server: xsct -n -interactive /home/vovag/proj/sparrow_prj/xil/temp_xsdb_launch_script.tcl
12:36:16 INFO  : XSCT server has started successfully.
12:36:16 INFO  : Successfully done setting XSCT server connection channel  
12:36:21 INFO  : Successfully done setting SDK workspace  
21:31:04 ERROR : (XSDB Server)Terminated

16:39:42 INFO  : Registering command handlers for SDK TCF services
16:39:46 INFO  : Launching XSCT server: xsct -n -interactive /home/vovag/proj/sparrow_prj/xil/temp_xsdb_launch_script.tcl
16:39:52 INFO  : XSCT server has started successfully.
16:39:53 INFO  : Successfully done setting XSCT server connection channel  
16:39:56 INFO  : Successfully done setting SDK workspace  
18:54:14 ERROR : (XSDB Server)Terminated

19:06:20 INFO  : Registering command handlers for SDK TCF services
19:06:22 INFO  : Launching XSCT server: xsct -n -interactive /home/vovag/proj/sparrow_prj/xil/temp_xsdb_launch_script.tcl
19:06:26 INFO  : XSCT server has started successfully.
19:06:26 INFO  : Successfully done setting XSCT server connection channel  
19:06:28 INFO  : Successfully done setting SDK workspace  
15:51:06 INFO  : Registering command handlers for SDK TCF services
15:51:07 INFO  : Launching XSCT server: xsct -n -interactive /home/vovag/proj/sparrow_prj/xil/temp_xsdb_launch_script.tcl
15:51:11 INFO  : XSCT server has started successfully.
15:51:12 INFO  : Successfully done setting XSCT server connection channel  
15:51:12 INFO  : Successfully done setting SDK workspace  
18:05:17 INFO  : Registering command handlers for SDK TCF services
18:05:20 INFO  : Launching XSCT server: xsct -n -interactive /home/vovag/proj/sparrow_prj/xil/temp_xsdb_launch_script.tcl
18:05:23 INFO  : XSCT server has started successfully.
18:05:23 INFO  : Successfully done setting XSCT server connection channel  
18:05:23 INFO  : Successfully done setting SDK workspace  
19:47:39 INFO  : Attempting to launch Hardware server...
19:47:40 INFO  : Hardware server is launched successfully.
20:55:06 INFO  : Registering command handlers for SDK TCF services
20:55:08 INFO  : Launching XSCT server: xsct -n -interactive /home/vovag/proj/sparrow_prj/xil/temp_xsdb_launch_script.tcl
20:55:11 INFO  : XSCT server has started successfully.
20:55:11 INFO  : Successfully done setting XSCT server connection channel  
20:55:11 INFO  : Successfully done setting SDK workspace  
18:28:40 INFO  : Registering command handlers for SDK TCF services
18:28:42 INFO  : Launching XSCT server: xsct -n -interactive /home/vovag/proj/sparrow_prj/xil/temp_xsdb_launch_script.tcl
18:28:45 INFO  : XSCT server has started successfully.
18:28:45 INFO  : Successfully done setting XSCT server connection channel  
18:28:45 INFO  : Successfully done setting SDK workspace  
18:36:06 INFO  : Registering command handlers for SDK TCF services
18:36:08 INFO  : Launching XSCT server: xsct -n -interactive /home/vovag/proj/sparrow_prj/xil/temp_xsdb_launch_script.tcl
18:36:11 INFO  : XSCT server has started successfully.
18:36:12 INFO  : Successfully done setting XSCT server connection channel  
18:36:12 INFO  : Successfully done setting SDK workspace  
19:40:33 ERROR : (XSDB Server)Terminated

19:44:35 INFO  : Registering command handlers for SDK TCF services
19:44:36 INFO  : Launching XSCT server: xsct -n -interactive /home/vovag/proj/sparrow_prj/xil/temp_xsdb_launch_script.tcl
19:44:39 INFO  : XSCT server has started successfully.
19:44:40 INFO  : Successfully done setting XSCT server connection channel  
19:44:40 INFO  : Successfully done setting SDK workspace  
15:11:39 INFO  : Registering command handlers for SDK TCF services
15:11:42 INFO  : Launching XSCT server: xsct -n -interactive /home/vovag/proj/sparrow_prj/xil/temp_xsdb_launch_script.tcl
15:11:47 INFO  : XSCT server has started successfully.
15:11:49 INFO  : Successfully done setting XSCT server connection channel  
15:11:49 INFO  : Successfully done setting SDK workspace  
13:20:02 INFO  : Registering command handlers for SDK TCF services
13:20:04 INFO  : Launching XSCT server: xsct -n -interactive /home/vovag/proj/sparrow_prj/xil/temp_xsdb_launch_script.tcl
13:20:07 INFO  : XSCT server has started successfully.
13:20:08 INFO  : Successfully done setting XSCT server connection channel  
13:20:08 INFO  : Successfully done setting SDK workspace  
21:56:40 ERROR : (XSDB Server)Terminated

15:12:47 INFO  : Registering command handlers for SDK TCF services
15:12:49 INFO  : Launching XSCT server: xsct -n -interactive /home/vovag/proj/sparrow_prj/xil/temp_xsdb_launch_script.tcl
15:12:53 INFO  : XSCT server has started successfully.
15:12:55 INFO  : Successfully done setting XSCT server connection channel  
15:12:55 INFO  : Successfully done setting SDK workspace  
11:29:39 INFO  : Registering command handlers for SDK TCF services
11:29:41 INFO  : Launching XSCT server: xsct -n -interactive /home/vovag/proj/sparrow_prj/xil/temp_xsdb_launch_script.tcl
11:29:44 INFO  : XSCT server has started successfully.
11:29:44 INFO  : Successfully done setting XSCT server connection channel  
11:29:44 INFO  : Successfully done setting SDK workspace  
22:07:38 ERROR : (XSDB Server)Terminated

14:29:36 INFO  : Registering command handlers for SDK TCF services
14:29:38 INFO  : Launching XSCT server: xsct -n -interactive /home/vovag/proj/sparrow_prj/xil/temp_xsdb_launch_script.tcl
14:29:41 INFO  : XSCT server has started successfully.
14:29:41 INFO  : Successfully done setting XSCT server connection channel  
14:29:42 INFO  : Successfully done setting SDK workspace  
20:28:34 INFO  : Registering command handlers for SDK TCF services
20:28:35 INFO  : Launching XSCT server: xsct -n -interactive /home/vovag/proj/sparrow_prj/xil/temp_xsdb_launch_script.tcl
20:28:38 INFO  : XSCT server has started successfully.
20:28:39 INFO  : Successfully done setting XSCT server connection channel  
20:28:39 INFO  : Successfully done setting SDK workspace  
16:46:31 INFO  : Registering command handlers for SDK TCF services
16:46:35 INFO  : Launching XSCT server: xsct -n -interactive /home/vovag/proj/sparrow_prj/xil/temp_xsdb_launch_script.tcl
16:46:40 INFO  : XSCT server has started successfully.
16:46:42 INFO  : Successfully done setting XSCT server connection channel  
16:46:42 INFO  : Successfully done setting SDK workspace  
17:46:37 INFO  : Registering command handlers for SDK TCF services
17:46:39 INFO  : Launching XSCT server: xsct -n -interactive /home/vovag/proj/sparrow_prj/xil/temp_xsdb_launch_script.tcl
17:46:42 INFO  : XSCT server has started successfully.
17:46:42 INFO  : Successfully done setting XSCT server connection channel  
17:46:42 INFO  : Successfully done setting SDK workspace  
17:50:09 INFO  : Registering command handlers for SDK TCF services
17:50:12 INFO  : Launching XSCT server: xsct -n -interactive /home/vovag/proj/sparrow_prj/xil/temp_xsdb_launch_script.tcl
17:50:16 INFO  : XSCT server has started successfully.
17:50:16 INFO  : Successfully done setting XSCT server connection channel  
17:50:18 INFO  : Successfully done setting SDK workspace  
18:52:07 INFO  : Registering command handlers for SDK TCF services
18:52:09 INFO  : Launching XSCT server: xsct -n -interactive /home/vovag/proj/sparrow_prj/xil/temp_xsdb_launch_script.tcl
18:52:11 INFO  : XSCT server has started successfully.
18:52:11 INFO  : Successfully done setting XSCT server connection channel  
18:52:11 INFO  : Successfully done setting SDK workspace  
22:14:46 ERROR : (XSDB Server)Terminated

15:23:53 INFO  : Registering command handlers for SDK TCF services
15:23:56 INFO  : Launching XSCT server: xsct -n -interactive /home/vovag/proj/sparrow/sparrow_prj/xil/temp_xsdb_launch_script.tcl
15:23:59 INFO  : XSCT server has started successfully.
15:23:59 INFO  : Successfully done setting XSCT server connection channel  
15:23:59 INFO  : Successfully done setting SDK workspace  
16:44:43 INFO  : Registering command handlers for SDK TCF services
16:44:45 INFO  : Launching XSCT server: xsct -n -interactive /home/vovag/proj/sparrow/sparrow_prj/xil/temp_xsdb_launch_script.tcl
16:44:51 INFO  : XSCT server has started successfully.
16:44:51 INFO  : Successfully done setting XSCT server connection channel  
16:44:53 INFO  : Successfully done setting SDK workspace  
13:29:08 INFO  : Registering command handlers for SDK TCF services
13:29:10 INFO  : Launching XSCT server: xsct -n -interactive /home/vovag/proj/sparrow/sparrow_prj/xil/temp_xsdb_launch_script.tcl
13:29:15 INFO  : XSCT server has started successfully.
13:29:15 INFO  : Successfully done setting XSCT server connection channel  
13:29:15 INFO  : Successfully done setting SDK workspace  
13:08:18 INFO  : Registering command handlers for SDK TCF services
13:08:22 INFO  : Launching XSCT server: xsct -n -interactive /home/vovag/proj/sparrow/sparrow_prj/xil/temp_xsdb_launch_script.tcl
13:08:26 INFO  : XSCT server has started successfully.
13:08:27 INFO  : Successfully done setting XSCT server connection channel  
13:08:27 INFO  : Successfully done setting SDK workspace  
16:53:03 INFO  : Registering command handlers for SDK TCF services
16:53:05 INFO  : Launching XSCT server: xsct -n -interactive /home/vovag/proj/sparrow/sparrow_prj/xil/temp_xsdb_launch_script.tcl
16:53:09 INFO  : XSCT server has started successfully.
16:53:09 INFO  : Successfully done setting XSCT server connection channel  
16:53:09 INFO  : Successfully done setting SDK workspace  
15:52:55 INFO  : Registering command handlers for SDK TCF services
15:52:57 INFO  : Launching XSCT server: xsct -n -interactive /home/vovag/proj/sparrow/sparrow_prj/xil/temp_xsdb_launch_script.tcl
15:53:01 INFO  : XSCT server has started successfully.
15:53:03 INFO  : Successfully done setting XSCT server connection channel  
15:53:03 INFO  : Successfully done setting SDK workspace  
16:34:38 INFO  : Registering command handlers for SDK TCF services
16:34:39 INFO  : Launching XSCT server: xsct -n -interactive /home/vovag/proj/sparrow/sparrow_prj/xil/temp_xsdb_launch_script.tcl
16:34:42 INFO  : XSCT server has started successfully.
16:34:42 INFO  : Successfully done setting XSCT server connection channel  
16:34:42 INFO  : Successfully done setting SDK workspace  
