12:34:43 INFO  : Registering command handlers for SDK TCF services
12:34:44 INFO  : Launching XSCT server: xsct -n -interactive /media/vovag/07f0e685-575b-4e47-895d-2490c005fd98/proj/sparrow_prj/xil/sparrow/sparrow/temp_xsdb_launch_script.tcl
12:34:49 INFO  : XSCT server has started successfully.
12:34:55 INFO  : Successfully done setting XSCT server connection channel  
12:34:55 INFO  : Successfully done setting SDK workspace  
14:41:00 INFO  : Registering command handlers for SDK TCF services
14:41:01 INFO  : Launching XSCT server: xsct -n -interactive /media/vovag/07f0e685-575b-4e47-895d-2490c005fd98/proj/sparrow_prj/xil/sparrow/sparrow/temp_xsdb_launch_script.tcl
14:41:04 INFO  : XSCT server has started successfully.
14:41:04 INFO  : Successfully done setting XSCT server connection channel  
14:41:04 INFO  : Successfully done setting SDK workspace  
15:33:06 INFO  : Registering command handlers for SDK TCF services
15:33:08 INFO  : Launching XSCT server: xsct -n -interactive /media/vovag/07f0e685-575b-4e47-895d-2490c005fd98/proj/sparrow_prj/xil/sparrow/sparrow/temp_xsdb_launch_script.tcl
15:33:12 INFO  : XSCT server has started successfully.
15:33:22 INFO  : Successfully done setting XSCT server connection channel  
15:33:22 INFO  : Successfully done setting SDK workspace  
16:26:23 INFO  : Registering command handlers for SDK TCF services
16:26:24 INFO  : Launching XSCT server: xsct -n -interactive /media/vovag/07f0e685-575b-4e47-895d-2490c005fd98/proj/sparrow_prj/xil/sparrow/sparrow/temp_xsdb_launch_script.tcl
16:26:27 INFO  : XSCT server has started successfully.
16:26:28 INFO  : Successfully done setting XSCT server connection channel  
16:26:28 INFO  : Successfully done setting SDK workspace  
19:35:54 INFO  : Registering command handlers for SDK TCF services
19:35:55 INFO  : Launching XSCT server: xsct -n -interactive /media/vovag/07f0e685-575b-4e47-895d-2490c005fd98/proj/sparrow_prj/xil/sparrow/sparrow/temp_xsdb_launch_script.tcl
19:35:58 INFO  : XSCT server has started successfully.
19:35:58 INFO  : Successfully done setting XSCT server connection channel  
19:35:58 INFO  : Successfully done setting SDK workspace  
14:52:17 INFO  : Registering command handlers for SDK TCF services
14:52:18 INFO  : Launching XSCT server: xsct -n -interactive /media/vovag/07f0e685-575b-4e47-895d-2490c005fd98/proj/sparrow_prj/xil/sparrow/sparrow/temp_xsdb_launch_script.tcl
14:52:22 INFO  : XSCT server has started successfully.
14:52:30 INFO  : Successfully done setting XSCT server connection channel  
14:52:30 INFO  : Successfully done setting SDK workspace  
15:05:43 INFO  : Registering command handlers for SDK TCF services
15:05:44 INFO  : Launching XSCT server: xsct -n -interactive /media/vovag/07f0e685-575b-4e47-895d-2490c005fd98/proj/sparrow_prj/xil/sparrow/sparrow/temp_xsdb_launch_script.tcl
15:05:47 INFO  : XSCT server has started successfully.
15:05:56 INFO  : Successfully done setting XSCT server connection channel  
15:05:56 INFO  : Successfully done setting SDK workspace  
15:07:57 ERROR : (XSDB Server)Terminated

17:28:16 INFO  : Registering command handlers for SDK TCF services
17:28:18 INFO  : Launching XSCT server: xsct -n -interactive /media/vovag/07f0e685-575b-4e47-895d-2490c005fd98/proj/sparrow_prj/xil/sparrow/sparrow/temp_xsdb_launch_script.tcl
17:28:22 INFO  : XSCT server has started successfully.
17:28:22 INFO  : Successfully done setting XSCT server connection channel  
17:28:31 INFO  : Successfully done setting SDK workspace  
17:55:26 INFO  : Registering command handlers for SDK TCF services
17:55:27 INFO  : Launching XSCT server: xsct -n -interactive /media/vovag/07f0e685-575b-4e47-895d-2490c005fd98/proj/sparrow_prj/xil/sparrow/sparrow/temp_xsdb_launch_script.tcl
17:55:30 INFO  : XSCT server has started successfully.
17:55:31 INFO  : Successfully done setting XSCT server connection channel  
17:55:31 INFO  : Successfully done setting SDK workspace  
18:11:17 INFO  : Registering command handlers for SDK TCF services
18:11:19 INFO  : Launching XSCT server: xsct -n -interactive /home/vovag/proj/sparrow_prj/xil/sparrow/sparrow/temp_xsdb_launch_script.tcl
18:11:22 INFO  : XSCT server has started successfully.
18:11:29 INFO  : Successfully done setting XSCT server connection channel  
18:11:29 INFO  : Successfully done setting SDK workspace  
21:50:28 INFO  : Registering command handlers for SDK TCF services
21:50:29 INFO  : Launching XSCT server: xsct -n -interactive /home/vovag/proj/sparrow_prj/xil/sparrow/sparrow/temp_xsdb_launch_script.tcl
21:50:34 INFO  : XSCT server has started successfully.
21:50:34 INFO  : Successfully done setting XSCT server connection channel  
21:50:41 INFO  : Successfully done setting SDK workspace  
